Flow report for stream_rescale
Sat Jul  8 15:27:22 2023
Quartus Prime Version 22.1std.1 Build 917 02/14/2023 SC Lite Edition


---------------------
; Table of Contents ;
---------------------
  1. Legal Notice
  2. Flow Summary
  3. Flow Settings
  4. Flow Non-Default Global Settings
  5. Flow Elapsed Time
  6. Flow OS Summary
  7. Flow Log
  8. Flow Messages
  9. Flow Suppressed Messages



----------------
; Legal Notice ;
----------------
Copyright (C) 2023  Intel Corporation. All rights reserved.
Your use of Intel Corporation's design tools, logic functions 
and other software and tools, and any partner logic 
functions, and any output files from any of the foregoing 
(including device programming or simulation files), and any 
associated documentation or information are expressly subject 
to the terms and conditions of the Intel Program License 
Subscription Agreement, the Intel Quartus Prime License Agreement,
the Intel FPGA IP License Agreement, or other applicable license
agreement, including, without limitation, that your use is for
the sole purpose of programming logic devices manufactured by
Intel and sold by Intel or its authorized distributors.  Please
refer to the applicable agreement for further details, at
https://fpgasoftware.intel.com/eula.



+----------------------------------------------------------------------------------+
; Flow Summary                                                                     ;
+---------------------------------+------------------------------------------------+
; Flow Status                     ; Successful - Sat Jul  8 15:27:22 2023          ;
; Quartus Prime Version           ; 22.1std.1 Build 917 02/14/2023 SC Lite Edition ;
; Revision Name                   ; stream_rescale                                 ;
; Top-level Entity Name           ; stream_rescale                                 ;
; Family                          ; Cyclone V                                      ;
; Device                          ; 5CEBA4F17C6                                    ;
; Timing Models                   ; Final                                          ;
; Logic utilization (in ALMs)     ; 1,409 / 18,480 ( 8 % )                         ;
; Total registers                 ; 262                                            ;
; Total pins                      ; 63 / 128 ( 49 % )                              ;
; Total virtual pins              ; 0                                              ;
; Total block memory bits         ; 0 / 3,153,920 ( 0 % )                          ;
; Total DSP Blocks                ; 0 / 66 ( 0 % )                                 ;
; Total HSSI RX PCSs              ; 0                                              ;
; Total HSSI PMA RX Deserializers ; 0                                              ;
; Total HSSI TX PCSs              ; 0                                              ;
; Total HSSI PMA TX Serializers   ; 0                                              ;
; Total PLLs                      ; 1 / 4 ( 25 % )                                 ;
; Total DLLs                      ; 0 / 4 ( 0 % )                                  ;
+---------------------------------+------------------------------------------------+


+-----------------------------------------+
; Flow Settings                           ;
+-------------------+---------------------+
; Option            ; Setting             ;
+-------------------+---------------------+
; Start date & time ; 07/08/2023 15:25:24 ;
; Main task         ; Compilation         ;
; Revision Name     ; stream_rescale      ;
+-------------------+---------------------+


+----------------------------------------------------------------------------------------------------------------------------------------------------------+
; Flow Non-Default Global Settings                                                                                                                         ;
+----------------------------------------+----------------------------------------+---------------+--------------------+-----------------------------------+
; Assignment Name                        ; Value                                  ; Default Value ; Entity Name        ; Section Id                        ;
+----------------------------------------+----------------------------------------+---------------+--------------------+-----------------------------------+
; COMPILER_SIGNATURE_ID                  ; 220812856816798.168881912305696        ; --            ; --                 ; --                                ;
; EDA_DESIGN_ENTRY_SYNTHESIS_TOOL        ; Design Compiler FPGA                   ; <None>        ; TOP.sv             ; --                                ;
; EDA_DESIGN_ENTRY_SYNTHESIS_TOOL        ; Design Compiler FPGA                   ; <None>        ; clockDecrease.qsys ; --                                ;
; EDA_DESIGN_INSTANCE_NAME               ; NA                                     ; --            ; --                 ; stream_rescale_tb                 ;
; EDA_GENERATE_FUNCTIONAL_NETLIST        ; Off                                    ; --            ; --                 ; eda_board_design_timing           ;
; EDA_GENERATE_FUNCTIONAL_NETLIST        ; Off                                    ; --            ; --                 ; eda_board_design_boundary_scan    ;
; EDA_GENERATE_FUNCTIONAL_NETLIST        ; Off                                    ; --            ; --                 ; eda_board_design_signal_integrity ;
; EDA_GENERATE_FUNCTIONAL_NETLIST        ; Off                                    ; --            ; --                 ; eda_board_design_symbol           ;
; EDA_INPUT_DATA_FORMAT                  ; Edif                                   ; --            ; TOP.sv             ; eda_design_synthesis              ;
; EDA_INPUT_DATA_FORMAT                  ; Edif                                   ; --            ; clockDecrease.qsys ; eda_design_synthesis              ;
; EDA_INPUT_GND_NAME                     ; Gnd                                    ; --            ; TOP.sv             ; eda_design_synthesis              ;
; EDA_INPUT_GND_NAME                     ; Gnd                                    ; --            ; clockDecrease.qsys ; eda_design_synthesis              ;
; EDA_INPUT_VCC_NAME                     ; Vdd                                    ; --            ; TOP.sv             ; eda_design_synthesis              ;
; EDA_INPUT_VCC_NAME                     ; Vdd                                    ; --            ; clockDecrease.qsys ; eda_design_synthesis              ;
; EDA_LMF_FILE                           ; dc_fpga.lmf                            ; --            ; TOP.sv             ; eda_design_synthesis              ;
; EDA_LMF_FILE                           ; dc_fpga.lmf                            ; --            ; clockDecrease.qsys ; eda_design_synthesis              ;
; EDA_NATIVELINK_SIMULATION_SETUP_SCRIPT ; stream_rescale_run_simulation.do       ; --            ; --                 ; eda_simulation                    ;
; EDA_NATIVELINK_SIMULATION_TEST_BENCH   ; stream_rescale_tb                      ; --            ; --                 ; eda_simulation                    ;
; EDA_OUTPUT_DATA_FORMAT                 ; Verilog Hdl                            ; --            ; --                 ; eda_simulation                    ;
; EDA_RUN_TOOL_AUTOMATICALLY             ; Off                                    ; --            ; TOP.sv             ; eda_design_synthesis              ;
; EDA_RUN_TOOL_AUTOMATICALLY             ; Off                                    ; --            ; clockDecrease.qsys ; eda_design_synthesis              ;
; EDA_SHOW_LMF_MAPPING_MESSAGES          ; Off                                    ; --            ; TOP.sv             ; eda_design_synthesis              ;
; EDA_SHOW_LMF_MAPPING_MESSAGES          ; Off                                    ; --            ; clockDecrease.qsys ; eda_design_synthesis              ;
; EDA_SIMULATION_TOOL                    ; Questa Intel FPGA (Verilog)            ; <None>        ; --                 ; --                                ;
; EDA_TEST_BENCH_ENABLE_STATUS           ; TEST_BENCH_MODE                        ; --            ; --                 ; eda_simulation                    ;
; EDA_TEST_BENCH_FILE                    ; stream_rescale_tb.sv                   ; --            ; --                 ; stream_rescale_tb                 ;
; EDA_TEST_BENCH_MODULE_NAME             ; resizer_tb                             ; --            ; --                 ; stream_rescale_tb                 ;
; EDA_TEST_BENCH_NAME                    ; stream_rescale_tb                      ; --            ; --                 ; eda_simulation                    ;
; EDA_TIME_SCALE                         ; 1 ps                                   ; --            ; --                 ; eda_simulation                    ;
; FLOW_ENABLE_RTL_VIEWER                 ; On                                     ; Off           ; --                 ; --                                ;
; MAX_CORE_JUNCTION_TEMP                 ; 85                                     ; --            ; --                 ; --                                ;
; MIN_CORE_JUNCTION_TEMP                 ; 0                                      ; --            ; --                 ; --                                ;
; MISC_FILE                              ; clockDecrease.cmp                      ; --            ; --                 ; --                                ;
; MISC_FILE                              ; clockDecrease_sim/clockDecrease.vo     ; --            ; --                 ; --                                ;
; NUM_PARALLEL_PROCESSORS                ; All                                    ; --            ; --                 ; --                                ;
; OUTPUT_IO_TIMING_FAR_END_VMEAS         ; Half Signal Swing                      ; --            ; --                 ; --                                ;
; OUTPUT_IO_TIMING_FAR_END_VMEAS         ; Half Signal Swing                      ; --            ; --                 ; --                                ;
; OUTPUT_IO_TIMING_NEAR_END_VMEAS        ; Half Vccio                             ; --            ; --                 ; --                                ;
; OUTPUT_IO_TIMING_NEAR_END_VMEAS        ; Half Vccio                             ; --            ; --                 ; --                                ;
; PARTITION_COLOR                        ; -- (Not supported for targeted family) ; --            ; --                 ; Top                               ;
; PARTITION_FITTER_PRESERVATION_LEVEL    ; -- (Not supported for targeted family) ; --            ; --                 ; Top                               ;
; PARTITION_NETLIST_TYPE                 ; -- (Not supported for targeted family) ; --            ; --                 ; Top                               ;
; POWER_BOARD_THERMAL_MODEL              ; None (CONSERVATIVE)                    ; --            ; --                 ; --                                ;
; POWER_PRESET_COOLING_SOLUTION          ; 23 MM HEAT SINK WITH 200 LFPM AIRFLOW  ; --            ; --                 ; --                                ;
; PROJECT_OUTPUT_DIRECTORY               ; output_files                           ; --            ; --                 ; --                                ;
; SPD_FILE                               ; clockDecrease.spd                      ; --            ; --                 ; --                                ;
; SYNTHESIS_ONLY_QIP                     ; On                                     ; --            ; --                 ; --                                ;
; TIMING_ANALYZER_DO_REPORT_TIMING       ; On                                     ; Off           ; --                 ; --                                ;
; VERILOG_INPUT_VERSION                  ; SystemVerilog_2005                     ; Verilog_2001  ; --                 ; --                                ;
; VERILOG_SHOW_LMF_MAPPING_MESSAGES      ; Off                                    ; --            ; --                 ; --                                ;
+----------------------------------------+----------------------------------------+---------------+--------------------+-----------------------------------+


+--------------------------------------------------------------------------------------------------------------------------+
; Flow Elapsed Time                                                                                                        ;
+----------------------+--------------+-------------------------+---------------------+------------------------------------+
; Module Name          ; Elapsed Time ; Average Processors Used ; Peak Virtual Memory ; Total CPU Time (on all processors) ;
+----------------------+--------------+-------------------------+---------------------+------------------------------------+
; Analysis & Synthesis ; 00:00:23     ; 1.0                     ; 4849 MB             ; 00:00:40                           ;
; Fitter               ; 00:01:09     ; 1.2                     ; 6298 MB             ; 00:03:02                           ;
; Assembler            ; 00:00:08     ; 1.0                     ; 4865 MB             ; 00:00:06                           ;
; Timing Analyzer      ; 00:00:10     ; 1.9                     ; 5127 MB             ; 00:00:17                           ;
; EDA Netlist Writer   ; 00:00:02     ; 1.0                     ; 4788 MB             ; 00:00:02                           ;
; Total                ; 00:01:52     ; --                      ; --                  ; 00:04:07                           ;
+----------------------+--------------+-------------------------+---------------------+------------------------------------+


+------------------------------------------------------------------------------------+
; Flow OS Summary                                                                    ;
+----------------------+------------------+------------+------------+----------------+
; Module Name          ; Machine Hostname ; OS Name    ; OS Version ; Processor type ;
+----------------------+------------------+------------+------------+----------------+
; Analysis & Synthesis ; DESKTOP-2FOCHV5  ; Windows 10 ; 10.0       ; x86_64         ;
; Fitter               ; DESKTOP-2FOCHV5  ; Windows 10 ; 10.0       ; x86_64         ;
; Assembler            ; DESKTOP-2FOCHV5  ; Windows 10 ; 10.0       ; x86_64         ;
; Timing Analyzer      ; DESKTOP-2FOCHV5  ; Windows 10 ; 10.0       ; x86_64         ;
; EDA Netlist Writer   ; DESKTOP-2FOCHV5  ; Windows 10 ; 10.0       ; x86_64         ;
+----------------------+------------------+------------+------------+----------------+


------------
; Flow Log ;
------------
quartus_map --read_settings_files=on --write_settings_files=off stream_rescale -c stream_rescale
quartus_fit --read_settings_files=off --write_settings_files=off stream_rescale -c stream_rescale
quartus_asm --read_settings_files=off --write_settings_files=off stream_rescale -c stream_rescale
quartus_sta stream_rescale -c stream_rescale
quartus_eda --read_settings_files=off --write_settings_files=off stream_rescale -c stream_rescale



