Info: Starting: Create block symbol file (.bsf)
Info: qsys-generate D:\Quartus\projects\clockDecrease.qsys --block-symbol-file --output-directory=D:\Quartus\projects\clockDecrease --family="Cyclone V" --part=5CSEMA5F31C6
Progress: Loading projects/clockDecrease.qsys
Progress: Reading input file
Progress: Adding altclkctrl_0 [altclkctrl 22.1]
Progress: Parameterizing module altclkctrl_0
Progress: Building connections
Progress: Parameterizing connections
Progress: Validating
Progress: Done reading input file
: clockDecrease.altclkctrl_0: Targeting device family: Cyclone V.
: clockDecrease.altclkctrl_0: Global clock network allows a clock signal to reach all parts of the chip with the same amount of skew. Input port 'clkselect' can be used to switch between four clock inputs.
: clockDecrease.altclkctrl_0: The register mode of port 'ena' is unavailable while 'ena' port not added. 
Info: qsys-generate succeeded.
Info: Finished: Create block symbol file (.bsf)
Info: 
Info: Starting: Create HDL design files for synthesis
Info: qsys-generate D:\Quartus\projects\clockDecrease.qsys --synthesis=VERILOG --output-directory=D:\Quartus\projects\clockDecrease\synthesis --family="Cyclone V" --part=5CSEMA5F31C6
Progress: Loading projects/clockDecrease.qsys
Progress: Reading input file
Progress: Adding altclkctrl_0 [altclkctrl 22.1]
Progress: Parameterizing module altclkctrl_0
Progress: Building connections
Progress: Parameterizing connections
Progress: Validating
Progress: Done reading input file
: clockDecrease.altclkctrl_0: Targeting device family: Cyclone V.
: clockDecrease.altclkctrl_0: Global clock network allows a clock signal to reach all parts of the chip with the same amount of skew. Input port 'clkselect' can be used to switch between four clock inputs.
: clockDecrease.altclkctrl_0: The register mode of port 'ena' is unavailable while 'ena' port not added. 
Info: clockDecrease: Generating clockDecrease "clockDecrease" for QUARTUS_SYNTH
Info: altclkctrl_0: Generating top-level entity clockDecrease_altclkctrl_0.
Info: altclkctrl_0: "clockDecrease" instantiated altclkctrl "altclkctrl_0"
Info: clockDecrease: Done "clockDecrease" with 2 modules, 2 files
Info: qsys-generate succeeded.
Info: Finished: Create HDL design files for synthesis
